<?xml version="1.0" encoding="UTF-8"?>
<testng-results ignored="0" total="1" passed="1" failed="0" skipped="0">
  <reporter-output>
  </reporter-output>
  <suite started-at="2021-09-30T06:14:35Z" name="Default suite" finished-at="2021-09-30T06:14:37Z" duration-ms="1804">
    <groups>
    </groups>
    <test started-at="2021-09-30T06:14:35Z" name="Default test" finished-at="2021-09-30T06:14:37Z" duration-ms="1804">
      <class name="testNG">
        <test-method signature="sumOfCourses()[pri:0, instance:testNG@934b6cb]" started-at="2021-09-30T06:14:35Z" name="sumOfCourses" finished-at="2021-09-30T06:14:37Z" duration-ms="1766" status="PASS">
          <reporter-output>
          </reporter-output>
        </test-method> <!-- sumOfCourses -->
      </class> <!-- testNG -->
    </test> <!-- Default test -->
  </suite> <!-- Default suite -->
</testng-results>
